<?xml version="1.0" encoding="UTF-8" ?>
<testsuite tests="12" failures="2" name="tmstest.cucumberOptions.RunCukeTest" time="0.012" errors="0" skipped="0">
  <properties>
[...]
</properties>
  <testcase classname="Scenario: I can remote start engine via mobile app" name="When I press &quot;start engine&quot; button in mobile app" time="0.003"/>
  <testcase classname="Scenario: I can remote start engine via mobile app" name="Then I can get latest &quot;engine started&quot; status" time="0"/>
  <testcase classname="Scenario: I can remote start engine via mobile app" name="Scenario: I can remote start engine via mobile app" time="0.001"/>
  <testcase classname="Scenario: I can remote stop engine via mobile app" name="When I press &quot;stop engine&quot; button in mobile app" time="0"/>
  <testcase classname="Scenario: I can remote stop engine via mobile app" name="Then I can get latest &quot;engine stopped&quot; status" time="0"/>
  <testcase classname="Scenario: I can remote stop engine via mobile app" name="Scenario: I can remote stop engine via mobile app" time="0"/>
  <testcase classname="Scenario: I can remote close all windows via mobile app" name="When I press &quot;close windows&quot; button in mobile app" time="0"/>
  <testcase classname="Scenario: I can remote close all windows via mobile app" name="Then I can get latest &quot;windows closed&quot; status" time="0"/>
  <testcase classname="Scenario: I can remote close all windows via mobile app" name="Scenario: I can remote close all windows via mobile app" time="0"/>
  <testcase classname="Scenario: I can remote start air condition via mobile app" name="When I press &quot;start air condition&quot; button in mobile app" time="0"/>
  <testcase classname="Scenario: I can remote start air condition via mobile app" name="Then I can get latest &quot;engine started&quot; status" time="0.004">
    <failure message="expected:&lt;ENGINE_[RUNNING]&gt; but was:&lt;ENGINE_[OFF]&gt;" type="org.junit.ComparisonFailure">org.junit.ComparisonFailure: expected:&lt;ENGINE_[RUNNING]&gt; but was:&lt;ENGINE_[OFF]&gt;
	at org.junit.Assert.assertEquals(Assert.java:115)
	at org.junit.Assert.assertEquals(Assert.java:144)
	at tmstest.stepDefinitions.TCStep.GetRVS(TCStep.java:115)
	at ✽.Then I can get latest &quot;engine started&quot; status(RemoteControl.feature:28)
</failure>
    <system-out>wait for RVS 5 seconds
wait for RVS 4 seconds
wait for RVS 3 seconds
wait for RVS 2 seconds
wait for RVS 1 seconds
</system-out>
  </testcase>
  <testcase classname="Scenario: I can remote start air condition via mobile app" name="Scenario: I can remote start air condition via mobile app" time="0.004">
    <failure message="expected:&lt;ENGINE_[RUNNING]&gt; but was:&lt;ENGINE_[OFF]&gt;" type="org.junit.ComparisonFailure">org.junit.ComparisonFailure: expected:&lt;ENGINE_[RUNNING]&gt; but was:&lt;ENGINE_[OFF]&gt;
	at org.junit.Assert.assertEquals(Assert.java:115)
	at org.junit.Assert.assertEquals(Assert.java:144)
	at tmstest.stepDefinitions.TCStep.GetRVS(TCStep.java:115)
	at ✽.Then I can get latest &quot;engine started&quot; status(RemoteControl.feature:28)
</failure>
  </testcase>
</testsuite>